Change Net Name : Old Net Name=NetC4_2 New Net Name=NRST
Change Net Name : Old Net Name=NetC5_1 New Net Name=OSCIN
Change Net Name : Old Net Name=NetC6_1 New Net Name=OSCOUT
Change Net Name : Old Net Name=NetD1_2 New Net Name=LEDGND
Change Net Name : Old Net Name=NetD7_2 New Net Name=PB7
Change Net Name : Old Net Name=NetP2_2 New Net Name=CANH
Change Net Name : Old Net Name=NetP2_4 New Net Name=ESTOP_SIG
Change Net Name : Old Net Name=NetP2_5 New Net Name=CANL
Change Net Name : Old Net Name=NetP3_2 New Net Name=PA14
Change Net Name : Old Net Name=NetP3_3 New Net Name=PA13
Change Net Name : Old Net Name=NetP4_1 New Net Name=PA0
Change Net Name : Old Net Name=NetP4_2 New Net Name=PA1
Change Net Name : Old Net Name=NetP4_3 New Net Name=PA2
Change Net Name : Old Net Name=NetP4_4 New Net Name=PA3
Change Net Name : Old Net Name=NetP4_5 New Net Name=PA4
Change Net Name : Old Net Name=NetP4_6 New Net Name=PA5
Change Net Name : Old Net Name=NetP4_7 New Net Name=PA6
Change Net Name : Old Net Name=NetP4_8 New Net Name=PA7
Change Net Name : Old Net Name=NetP5_2 New Net Name=PB5
Change Net Name : Old Net Name=NetP5_3 New Net Name=PB4
Change Net Name : Old Net Name=NetP5_4 New Net Name=PA15
Change Net Name : Old Net Name=NetP5_5 New Net Name=PA10
Change Net Name : Old Net Name=NetP5_6 New Net Name=PB1
Change Net Name : Old Net Name=NetP5_7 New Net Name=PB0
Change Net Name : Old Net Name=NetQ1_1 New Net Name=S12V
Change Net Name : Old Net Name=NetQ1_2 New Net Name=PB6
Change Net Name : Old Net Name=NetR10_2 New Net Name=BOOT0
Change Net Name : Old Net Name=NetR11_2 New Net Name=BOOT1
Change Net Name : Old Net Name=NetR17_1 New Net Name=PA8
Change Net Name : Old Net Name=NetU1_21 New Net Name=CAN_RX
Change Net Name : Old Net Name=NetU1_22 New Net Name=CAN_TX
