Removed Pin From Net: NetName=GND Pin=C1-1
Removed Pin From Net: NetName=PB7 Pin=D7-2
Removed Pin From Net: NetName=PB6 Pin=Q1-2
Removed Pin From Net: NetName=+12 Pin=Q1-3
Removed Pin From Net: NetName=GND Pin=Q3-1
Removed Pin From Net: NetName=PB7 Pin=R2-1
Removed Pin From Net: NetName=OSCIN Pin=U1-2
Removed Pin From Net: NetName=OSCOUT Pin=U1-3
Change Component Footprint: Designator=Q1 Old Footprint=TO-226-AA New Footprint=TO-262-AA
Change Component Comment : Designator=Q1 Old Comment=NPN New Comment=MOSFET-N
Change component parameters: Designator = "Q1" ("Q1"); Footprint = "TO-226-AA"; UniqueID = "\XQIZDUQT" ("\XQIZDUQT")
Change component parameters (AddParameter): Name = "LatestRevisionDate"; Value = "17-Jul-2002"; VariantName = "[No Variations]"
Change component parameters (AddParameter): Name = "LatestRevisionNote"; Value = "Re-released for DXP Platform."; VariantName = "[No Variations]"
Change component parameters (AddParameter): Name = "PackageDescription"; Value = "TO, Flat Index; 3 In-Line, Axial Leads; Body Dia. 4.6mm; Lead Dia. 0.5 mm (max)"; VariantName = "[No Variations]"
Change component parameters (AddParameter): Name = "PackageReference"; Value = "E3"; VariantName = "[No Variations]"
Change component parameters (AddParameter): Name = "PackageVersion"; Value = "1995/1996"; VariantName = "[No Variations]"
Change component parameters (AddParameter): Name = "Published"; Value = "8-Jun-2000"; VariantName = "[No Variations]"
Change component parameters (AddParameter): Name = "Publisher"; Value = "Altium Limited"; VariantName = "[No Variations]"
Change component parameters (AddParameter): Name = "Supplier 1"; Value = "Mouser"; VariantName = "[No Variations]"
Change component parameters (AddParameter): Name = "Supplier Part Number 1"; Value = "511-STB4NK60Z-1"; VariantName = "[No Variations]"
Added Component: Designator=P6(HDR1X3H)
Add component (AddParameter): Name = "LatestRevisionDate"; Value = "17-Jul-2002"; VariantName = "[No Variations]"
Add component (AddParameter): Name = "LatestRevisionNote"; Value = "Re-released for DXP Platform."; VariantName = "[No Variations]"
Add component (AddParameter): Name = "Publisher"; Value = "Altium Limited"; VariantName = "[No Variations]"
Added Pin To Net: NetName=PB6 Pin=P5-1
Added Pin To Net: NetName=+12 Pin=P6-1
Added Pin To Net: NetName=+12 Pin=P6-2
Added Pin To Net: NetName=PB7 Pin=Q1-2
Added Pin To Net: NetName=GND Pin=Q1-3
Added Pin To Net: NetName=OSCOUT Pin=U1-2
Added Pin To Net: NetName=OSCIN Pin=U1-3
Change Net Name : Old Net Name=OSCIN New Net Name=NetC5_1
Change Net Name : Old Net Name=OSCOUT New Net Name=NetC6_1
Added Pin To Net: NetName=NetP6_3 Pin=P6-3
Added Pin To Net: NetName=NetP6_3 Pin=Q1-1
Added Net: Name=NetP6_3
